This file contains any messages produced by compilers while
running configure, to aid debugging if configure makes a mistake.

It was created by configure, which was
generated by GNU Autoconf 2.69.  Invocation command line was

  $ ./configure --prefix=/usr/local/mmseg

## --------- ##
## Platform. ##
## --------- ##

hostname = coreseek-69107
uname -m = x86_64
uname -r = 3.10.0-957.el7.x86_64
uname -s = Linux
uname -v = #1 SMP Thu Nov 8 23:39:32 UTC 2018

/usr/bin/uname -p = x86_64
/bin/uname -X     = unknown

/bin/arch              = x86_64
/usr/bin/arch -k       = unknown
/usr/convex/getsysinfo = unknown
/usr/bin/hostinfo      = unknown
/bin/machine           = unknown
/usr/bin/oslevel       = unknown
/bin/universe          = unknown

PATH: /usr/local/sbin
PATH: /usr/local/bin
PATH: /usr/sbin
PATH: /usr/bin
PATH: /root/bin


## ----------- ##
## Core tests. ##
## ----------- ##

configure:2437: checking for a BSD-compatible install
configure:2505: result: /usr/bin/install -c
configure:2516: checking whether build environment is sane
configure:2571: result: yes
configure:2609: WARNING: 'missing' script is too old or missing
configure:2722: checking for a thread-safe mkdir -p
configure:2761: result: /usr/bin/mkdir -p
configure:2768: checking for gawk
configure:2784: found /usr/bin/gawk
configure:2795: result: gawk
configure:2806: checking whether make sets $(MAKE)
configure:2828: result: yes
configure:2857: checking whether make supports nested variables
configure:2874: result: yes
configure:3019: checking for g++
configure:3035: found /usr/bin/g++
configure:3046: result: g++
configure:3073: checking for C++ compiler version
configure:3082: g++ --version >&5
g++ (GCC) 4.8.5 20150623 (Red Hat 4.8.5-39)
Copyright (C) 2015 Free Software Foundation, Inc.
This is free software; see the source for copying conditions.  There is NO
warranty; not even for MERCHANTABILITY or FITNESS FOR A PARTICULAR PURPOSE.

configure:3093: $? = 0
configure:3082: g++ -v >&5
Using built-in specs.
COLLECT_GCC=g++
COLLECT_LTO_WRAPPER=/usr/libexec/gcc/x86_64-redhat-linux/4.8.5/lto-wrapper
Target: x86_64-redhat-linux
Configured with: ../configure --prefix=/usr --mandir=/usr/share/man --infodir=/usr/share/info --with-bugurl=http://bugzilla.redhat.com/bugzilla --enable-bootstrap --enable-shared --enable-threads=posix --enable-checking=release --with-system-zlib --enable-__cxa_atexit --disable-libunwind-exceptions --enable-gnu-unique-object --enable-linker-build-id --with-linker-hash-style=gnu --enable-languages=c,c++,objc,obj-c++,java,fortran,ada,go,lto --enable-plugin --enable-initfini-array --disable-libgcj --with-isl=/builddir/build/BUILD/gcc-4.8.5-20150702/obj-x86_64-redhat-linux/isl-install --with-cloog=/builddir/build/BUILD/gcc-4.8.5-20150702/obj-x86_64-redhat-linux/cloog-install --enable-gnu-indirect-function --with-tune=generic --with-arch_32=x86-64 --build=x86_64-redhat-linux
Thread model: posix
gcc version 4.8.5 20150623 (Red Hat 4.8.5-39) (GCC) 
configure:3093: $? = 0
configure:3082: g++ -V >&5
g++: error: unrecognized command line option '-V'
g++: fatal error: no input files
compilation terminated.
configure:3093: $? = 4
configure:3082: g++ -qversion >&5
g++: error: unrecognized command line option '-qversion'
g++: fatal error: no input files
compilation terminated.
configure:3093: $? = 4
configure:3113: checking whether the C++ compiler works
configure:3135: g++    conftest.cpp  >&5
configure:3139: $? = 0
configure:3187: result: yes
configure:3190: checking for C++ compiler default output file name
configure:3192: result: a.out
configure:3198: checking for suffix of executables
configure:3205: g++ -o conftest    conftest.cpp  >&5
configure:3209: $? = 0
configure:3231: result: 
configure:3253: checking whether we are cross compiling
configure:3261: g++ -o conftest    conftest.cpp  >&5
configure:3265: $? = 0
configure:3272: ./conftest
configure:3276: $? = 0
configure:3291: result: no
configure:3296: checking for suffix of object files
configure:3318: g++ -c   conftest.cpp >&5
configure:3322: $? = 0
configure:3343: result: o
configure:3347: checking whether we are using the GNU C++ compiler
configure:3366: g++ -c   conftest.cpp >&5
configure:3366: $? = 0
configure:3375: result: yes
configure:3384: checking whether g++ accepts -g
configure:3404: g++ -c -g  conftest.cpp >&5
configure:3404: $? = 0
configure:3445: result: yes
configure:3479: checking for style of include used by make
configure:3507: result: GNU
configure:3533: checking dependency style of g++
configure:3644: result: gcc3
configure:3707: checking for gcc
configure:3723: found /usr/bin/gcc
configure:3734: result: gcc
configure:3963: checking for C compiler version
configure:3972: gcc --version >&5
gcc (GCC) 4.8.5 20150623 (Red Hat 4.8.5-39)
Copyright (C) 2015 Free Software Foundation, Inc.
This is free software; see the source for copying conditions.  There is NO
warranty; not even for MERCHANTABILITY or FITNESS FOR A PARTICULAR PURPOSE.

configure:3983: $? = 0
configure:3972: gcc -v >&5
Using built-in specs.
COLLECT_GCC=gcc
COLLECT_LTO_WRAPPER=/usr/libexec/gcc/x86_64-redhat-linux/4.8.5/lto-wrapper
Target: x86_64-redhat-linux
Configured with: ../configure --prefix=/usr --mandir=/usr/share/man --infodir=/usr/share/info --with-bugurl=http://bugzilla.redhat.com/bugzilla --enable-bootstrap --enable-shared --enable-threads=posix --enable-checking=release --with-system-zlib --enable-__cxa_atexit --disable-libunwind-exceptions --enable-gnu-unique-object --enable-linker-build-id --with-linker-hash-style=gnu --enable-languages=c,c++,objc,obj-c++,java,fortran,ada,go,lto --enable-plugin --enable-initfini-array --disable-libgcj --with-isl=/builddir/build/BUILD/gcc-4.8.5-20150702/obj-x86_64-redhat-linux/isl-install --with-cloog=/builddir/build/BUILD/gcc-4.8.5-20150702/obj-x86_64-redhat-linux/cloog-install --enable-gnu-indirect-function --with-tune=generic --with-arch_32=x86-64 --build=x86_64-redhat-linux
Thread model: posix
gcc version 4.8.5 20150623 (Red Hat 4.8.5-39) (GCC) 
configure:3983: $? = 0
configure:3972: gcc -V >&5
gcc: error: unrecognized command line option '-V'
gcc: fatal error: no input files
compilation terminated.
configure:3983: $? = 4
configure:3972: gcc -qversion >&5
gcc: error: unrecognized command line option '-qversion'
gcc: fatal error: no input files
compilation terminated.
configure:3983: $? = 4
configure:3987: checking whether we are using the GNU C compiler
configure:4006: gcc -c   conftest.c >&5
configure:4006: $? = 0
configure:4015: result: yes
configure:4024: checking whether gcc accepts -g
configure:4044: gcc -c -g  conftest.c >&5
configure:4044: $? = 0
configure:4085: result: yes
configure:4102: checking for gcc option to accept ISO C89
configure:4165: gcc  -c -g -O2  conftest.c >&5
configure:4165: $? = 0
configure:4178: result: none needed
configure:4200: checking dependency style of gcc
configure:4311: result: gcc3
configure:4357: checking build system type
configure:4371: result: x86_64-unknown-linux-gnu
configure:4391: checking host system type
configure:4404: result: x86_64-unknown-linux-gnu
configure:4445: checking how to print strings
configure:4472: result: printf
configure:4493: checking for a sed that does not truncate output
configure:4557: result: /usr/bin/sed
configure:4575: checking for grep that handles long lines and -e
configure:4633: result: /usr/bin/grep
configure:4638: checking for egrep
configure:4700: result: /usr/bin/grep -E
configure:4705: checking for fgrep
configure:4767: result: /usr/bin/grep -F
configure:4802: checking for ld used by gcc
configure:4869: result: /usr/bin/ld
configure:4876: checking if the linker (/usr/bin/ld) is GNU ld
configure:4891: result: yes
configure:4903: checking for BSD- or MS-compatible name lister (nm)
configure:4952: result: /usr/bin/nm -B
configure:5082: checking the name lister (/usr/bin/nm -B) interface
configure:5089: gcc -c -g -O2  conftest.c >&5
configure:5092: /usr/bin/nm -B "conftest.o"
configure:5095: output
0000000000000000 B some_variable
configure:5102: result: BSD nm
configure:5105: checking whether ln -s works
configure:5109: result: yes
configure:5117: checking the maximum length of command line arguments
configure:5247: result: 1572864
configure:5264: checking whether the shell understands some XSI constructs
configure:5274: result: yes
configure:5278: checking whether the shell understands "+="
configure:5284: result: yes
configure:5319: checking how to convert x86_64-unknown-linux-gnu file names to x86_64-unknown-linux-gnu format
configure:5359: result: func_convert_file_noop
configure:5366: checking how to convert x86_64-unknown-linux-gnu file names to toolchain format
configure:5386: result: func_convert_file_noop
configure:5393: checking for /usr/bin/ld option to reload object files
configure:5400: result: -r
configure:5474: checking for objdump
configure:5490: found /usr/bin/objdump
configure:5501: result: objdump
configure:5533: checking how to recognize dependent libraries
configure:5735: result: pass_all
configure:5820: checking for dlltool
configure:5850: result: no
configure:5880: checking how to associate runtime and link libraries
configure:5907: result: printf %s\n
configure:5968: checking for ar
configure:5984: found /usr/bin/ar
configure:5995: result: ar
configure:6032: checking for archiver @FILE support
configure:6049: gcc -c -g -O2  conftest.c >&5
configure:6049: $? = 0
configure:6052: ar cru libconftest.a @conftest.lst >&5
configure:6055: $? = 0
configure:6060: ar cru libconftest.a @conftest.lst >&5
ar: conftest.o: No such file or directory
configure:6063: $? = 1
configure:6075: result: @
configure:6133: checking for strip
configure:6149: found /usr/bin/strip
configure:6160: result: strip
configure:6232: checking for ranlib
configure:6248: found /usr/bin/ranlib
configure:6259: result: ranlib
configure:6361: checking command to parse /usr/bin/nm -B output from gcc object
configure:6481: gcc -c -g -O2  conftest.c >&5
configure:6484: $? = 0
configure:6488: /usr/bin/nm -B conftest.o \| sed -n -e 's/^.*[ ]\([ABCDGIRSTW][ABCDGIRSTW]*\)[ ][ ]*\([_A-Za-z][_A-Za-z0-9]*\)$/\1 \2 \2/p' | sed '/ __gnu_lto/d' \> conftest.nm
configure:6491: $? = 0
configure:6557: gcc -o conftest -g -O2   conftest.c conftstm.o >&5
configure:6560: $? = 0
configure:6598: result: ok
configure:6635: checking for sysroot
configure:6665: result: no
configure:6742: gcc -c -g -O2  conftest.c >&5
configure:6745: $? = 0
configure:6921: checking for mt
configure:6951: result: no
configure:6971: checking if : is a manifest tool
configure:6977: : '-?'
configure:6985: result: no
configure:7627: checking how to run the C preprocessor
configure:7658: gcc -E  conftest.c
configure:7658: $? = 0
configure:7672: gcc -E  conftest.c
conftest.c:11:28: fatal error: ac_nonexistent.h: No such file or directory
 #include <ac_nonexistent.h>
                            ^
compilation terminated.
configure:7672: $? = 1
configure: failed program was:
| /* confdefs.h */
| #define PACKAGE_NAME ""
| #define PACKAGE_TARNAME ""
| #define PACKAGE_VERSION ""
| #define PACKAGE_STRING ""
| #define PACKAGE_BUGREPORT ""
| #define PACKAGE_URL ""
| #define PACKAGE "mmseg"
| #define VERSION "0.7"
| /* end confdefs.h.  */
| #include <ac_nonexistent.h>
configure:7697: result: gcc -E
configure:7717: gcc -E  conftest.c
configure:7717: $? = 0
configure:7731: gcc -E  conftest.c
conftest.c:11:28: fatal error: ac_nonexistent.h: No such file or directory
 #include <ac_nonexistent.h>
                            ^
compilation terminated.
configure:7731: $? = 1
configure: failed program was:
| /* confdefs.h */
| #define PACKAGE_NAME ""
| #define PACKAGE_TARNAME ""
| #define PACKAGE_VERSION ""
| #define PACKAGE_STRING ""
| #define PACKAGE_BUGREPORT ""
| #define PACKAGE_URL ""
| #define PACKAGE "mmseg"
| #define VERSION "0.7"
| /* end confdefs.h.  */
| #include <ac_nonexistent.h>
configure:7760: checking for ANSI C header files
configure:7780: gcc -c -g -O2  conftest.c >&5
configure:7780: $? = 0
configure:7853: gcc -o conftest -g -O2   conftest.c  >&5
configure:7853: $? = 0
configure:7853: ./conftest
configure:7853: $? = 0
configure:7864: result: yes
configure:7877: checking for sys/types.h
configure:7877: gcc -c -g -O2  conftest.c >&5
configure:7877: $? = 0
configure:7877: result: yes
configure:7877: checking for sys/stat.h
configure:7877: gcc -c -g -O2  conftest.c >&5
configure:7877: $? = 0
configure:7877: result: yes
configure:7877: checking for stdlib.h
configure:7877: gcc -c -g -O2  conftest.c >&5
configure:7877: $? = 0
configure:7877: result: yes
configure:7877: checking for string.h
configure:7877: gcc -c -g -O2  conftest.c >&5
configure:7877: $? = 0
configure:7877: result: yes
configure:7877: checking for memory.h
configure:7877: gcc -c -g -O2  conftest.c >&5
configure:7877: $? = 0
configure:7877: result: yes
configure:7877: checking for strings.h
configure:7877: gcc -c -g -O2  conftest.c >&5
configure:7877: $? = 0
configure:7877: result: yes
configure:7877: checking for inttypes.h
configure:7877: gcc -c -g -O2  conftest.c >&5
configure:7877: $? = 0
configure:7877: result: yes
configure:7877: checking for stdint.h
configure:7877: gcc -c -g -O2  conftest.c >&5
configure:7877: $? = 0
configure:7877: result: yes
configure:7877: checking for unistd.h
configure:7877: gcc -c -g -O2  conftest.c >&5
configure:7877: $? = 0
configure:7877: result: yes
configure:7891: checking for dlfcn.h
configure:7891: gcc -c -g -O2  conftest.c >&5
configure:7891: $? = 0
configure:7891: result: yes
configure:8108: checking for objdir
configure:8123: result: .libs
configure:8390: checking if gcc supports -fno-rtti -fno-exceptions
configure:8408: gcc -c -g -O2  -fno-rtti -fno-exceptions conftest.c >&5
cc1: warning: command line option '-fno-rtti' is valid for C++/ObjC++ but not for C [enabled by default]
configure:8412: $? = 0
configure:8425: result: no
configure:8752: checking for gcc option to produce PIC
configure:8759: result: -fPIC -DPIC
configure:8767: checking if gcc PIC flag -fPIC -DPIC works
configure:8785: gcc -c -g -O2  -fPIC -DPIC -DPIC conftest.c >&5
configure:8789: $? = 0
configure:8802: result: yes
configure:8831: checking if gcc static flag -static works
configure:8859: result: no
configure:8874: checking if gcc supports -c -o file.o
configure:8895: gcc -c -g -O2  -o out/conftest2.o conftest.c >&5
configure:8899: $? = 0
configure:8921: result: yes
configure:8929: checking if gcc supports -c -o file.o
configure:8976: result: yes
configure:9009: checking whether the gcc linker (/usr/bin/ld -m elf_x86_64) supports shared libraries
configure:10162: result: yes
configure:10199: checking whether -lc should be explicitly linked in
configure:10207: gcc -c -g -O2  conftest.c >&5
configure:10210: $? = 0
configure:10225: gcc -shared  -fPIC -DPIC conftest.o  -v -Wl,-soname -Wl,conftest -o conftest 2\>\&1 \| /usr/bin/grep  -lc  \>/dev/null 2\>\&1
configure:10228: $? = 0
configure:10242: result: no
configure:10402: checking dynamic linker characteristics
configure:10913: gcc -o conftest -g -O2   -Wl,-rpath -Wl,/foo conftest.c  >&5
configure:10913: $? = 0
configure:11139: result: GNU/Linux ld.so
configure:11246: checking how to hardcode library paths into programs
configure:11271: result: immediate
configure:11811: checking whether stripping libraries is possible
configure:11816: result: yes
configure:11851: checking if libtool supports shared libraries
configure:11853: result: yes
configure:11856: checking whether to build shared libraries
configure:11877: result: yes
configure:11880: checking whether to build static libraries
configure:11884: result: yes
configure:11907: checking how to run the C++ preprocessor
configure:11934: g++ -E  conftest.cpp
configure:11934: $? = 0
configure:11948: g++ -E  conftest.cpp
conftest.cpp:23:28: fatal error: ac_nonexistent.h: No such file or directory
 #include <ac_nonexistent.h>
                            ^
compilation terminated.
configure:11948: $? = 1
configure: failed program was:
| /* confdefs.h */
| #define PACKAGE_NAME ""
| #define PACKAGE_TARNAME ""
| #define PACKAGE_VERSION ""
| #define PACKAGE_STRING ""
| #define PACKAGE_BUGREPORT ""
| #define PACKAGE_URL ""
| #define PACKAGE "mmseg"
| #define VERSION "0.7"
| #define STDC_HEADERS 1
| #define HAVE_SYS_TYPES_H 1
| #define HAVE_SYS_STAT_H 1
| #define HAVE_STDLIB_H 1
| #define HAVE_STRING_H 1
| #define HAVE_MEMORY_H 1
| #define HAVE_STRINGS_H 1
| #define HAVE_INTTYPES_H 1
| #define HAVE_STDINT_H 1
| #define HAVE_UNISTD_H 1
| #define HAVE_DLFCN_H 1
| #define LT_OBJDIR ".libs/"
| /* end confdefs.h.  */
| #include <ac_nonexistent.h>
configure:11973: result: g++ -E
configure:11993: g++ -E  conftest.cpp
configure:11993: $? = 0
configure:12007: g++ -E  conftest.cpp
conftest.cpp:23:28: fatal error: ac_nonexistent.h: No such file or directory
 #include <ac_nonexistent.h>
                            ^
compilation terminated.
configure:12007: $? = 1
configure: failed program was:
| /* confdefs.h */
| #define PACKAGE_NAME ""
| #define PACKAGE_TARNAME ""
| #define PACKAGE_VERSION ""
| #define PACKAGE_STRING ""
| #define PACKAGE_BUGREPORT ""
| #define PACKAGE_URL ""
| #define PACKAGE "mmseg"
| #define VERSION "0.7"
| #define STDC_HEADERS 1
| #define HAVE_SYS_TYPES_H 1
| #define HAVE_SYS_STAT_H 1
| #define HAVE_STDLIB_H 1
| #define HAVE_STRING_H 1
| #define HAVE_MEMORY_H 1
| #define HAVE_STRINGS_H 1
| #define HAVE_INTTYPES_H 1
| #define HAVE_STDINT_H 1
| #define HAVE_UNISTD_H 1
| #define HAVE_DLFCN_H 1
| #define LT_OBJDIR ".libs/"
| /* end confdefs.h.  */
| #include <ac_nonexistent.h>
configure:12176: checking for ld used by g++
configure:12243: result: /usr/bin/ld -m elf_x86_64
configure:12250: checking if the linker (/usr/bin/ld -m elf_x86_64) is GNU ld
configure:12265: result: yes
configure:12320: checking whether the g++ linker (/usr/bin/ld -m elf_x86_64) supports shared libraries
configure:13325: result: yes
configure:13361: g++ -c -g -O2  conftest.cpp >&5
configure:13364: $? = 0
configure:13884: checking for g++ option to produce PIC
configure:13891: result: -fPIC -DPIC
configure:13899: checking if g++ PIC flag -fPIC -DPIC works
configure:13917: g++ -c -g -O2  -fPIC -DPIC -DPIC conftest.cpp >&5
configure:13921: $? = 0
configure:13934: result: yes
configure:13957: checking if g++ static flag -static works
configure:13985: result: no
configure:13997: checking if g++ supports -c -o file.o
configure:14018: g++ -c -g -O2  -o out/conftest2.o conftest.cpp >&5
configure:14022: $? = 0
configure:14044: result: yes
configure:14049: checking if g++ supports -c -o file.o
configure:14096: result: yes
configure:14126: checking whether the g++ linker (/usr/bin/ld -m elf_x86_64) supports shared libraries
configure:14162: result: yes
configure:14303: checking dynamic linker characteristics
configure:14974: result: GNU/Linux ld.so
configure:15027: checking how to hardcode library paths into programs
configure:15052: result: immediate
configure:15114: checking for ANSI C header files
configure:15218: result: yes
configure:15226: checking for sys/wait.h that is POSIX.1 compatible
configure:15252: gcc -c -g -O2  conftest.c >&5
configure:15252: $? = 0
configure:15259: result: yes
configure:15270: checking for stdlib.h
configure:15270: result: yes
configure:15270: checking for unistd.h
configure:15270: result: yes
configure:15270: checking errno.h usability
configure:15270: gcc -c -g -O2  conftest.c >&5
configure:15270: $? = 0
configure:15270: result: yes
configure:15270: checking errno.h presence
configure:15270: gcc -E  conftest.c
configure:15270: $? = 0
configure:15270: result: yes
configure:15270: checking for errno.h
configure:15270: result: yes
configure:15270: checking assert.h usability
configure:15270: gcc -c -g -O2  conftest.c >&5
configure:15270: $? = 0
configure:15270: result: yes
configure:15270: checking assert.h presence
configure:15270: gcc -E  conftest.c
configure:15270: $? = 0
configure:15270: result: yes
configure:15270: checking for assert.h
configure:15270: result: yes
configure:15283: checking for string.h
configure:15283: result: yes
configure:15333: checking stdarg.h usability
configure:15333: gcc -c -g -O2  conftest.c >&5
configure:15333: $? = 0
configure:15333: result: yes
configure:15333: checking stdarg.h presence
configure:15333: gcc -E  conftest.c
configure:15333: $? = 0
configure:15333: result: yes
configure:15333: checking for stdarg.h
configure:15333: result: yes
configure:15353: checking for an ANSI C-conforming const
configure:15419: gcc -c -g -O2  conftest.c >&5
configure:15419: $? = 0
configure:15426: result: yes
configure:15434: checking for pid_t
configure:15434: gcc -c -g -O2  conftest.c >&5
configure:15434: $? = 0
configure:15434: gcc -c -g -O2  conftest.c >&5
conftest.c: In function 'main':
conftest.c:67:20: error: expected expression before ')' token
 if (sizeof ((pid_t)))
                    ^
configure:15434: $? = 1
configure: failed program was:
| /* confdefs.h */
| #define PACKAGE_NAME ""
| #define PACKAGE_TARNAME ""
| #define PACKAGE_VERSION ""
| #define PACKAGE_STRING ""
| #define PACKAGE_BUGREPORT ""
| #define PACKAGE_URL ""
| #define PACKAGE "mmseg"
| #define VERSION "0.7"
| #define STDC_HEADERS 1
| #define HAVE_SYS_TYPES_H 1
| #define HAVE_SYS_STAT_H 1
| #define HAVE_STDLIB_H 1
| #define HAVE_STRING_H 1
| #define HAVE_MEMORY_H 1
| #define HAVE_STRINGS_H 1
| #define HAVE_INTTYPES_H 1
| #define HAVE_STDINT_H 1
| #define HAVE_UNISTD_H 1
| #define HAVE_DLFCN_H 1
| #define LT_OBJDIR ".libs/"
| #define STDC_HEADERS 1
| #define HAVE_SYS_WAIT_H 1
| #define HAVE_STDLIB_H 1
| #define HAVE_UNISTD_H 1
| #define HAVE_ERRNO_H 1
| #define HAVE_ASSERT_H 1
| #define HAVE_STRING_H 1
| #define HAVE_STDARG_H 1
| /* end confdefs.h.  */
| #include <stdio.h>
| #ifdef HAVE_SYS_TYPES_H
| # include <sys/types.h>
| #endif
| #ifdef HAVE_SYS_STAT_H
| # include <sys/stat.h>
| #endif
| #ifdef STDC_HEADERS
| # include <stdlib.h>
| # include <stddef.h>
| #else
| # ifdef HAVE_STDLIB_H
| #  include <stdlib.h>
| # endif
| #endif
| #ifdef HAVE_STRING_H
| # if !defined STDC_HEADERS && defined HAVE_MEMORY_H
| #  include <memory.h>
| # endif
| # include <string.h>
| #endif
| #ifdef HAVE_STRINGS_H
| # include <strings.h>
| #endif
| #ifdef HAVE_INTTYPES_H
| # include <inttypes.h>
| #endif
| #ifdef HAVE_STDINT_H
| # include <stdint.h>
| #endif
| #ifdef HAVE_UNISTD_H
| # include <unistd.h>
| #endif
| int
| main ()
| {
| if (sizeof ((pid_t)))
| 	    return 0;
|   ;
|   return 0;
| }
configure:15434: result: yes
configure:15445: checking for size_t
configure:15445: gcc -c -g -O2  conftest.c >&5
configure:15445: $? = 0
configure:15445: gcc -c -g -O2  conftest.c >&5
conftest.c: In function 'main':
conftest.c:67:21: error: expected expression before ')' token
 if (sizeof ((size_t)))
                     ^
configure:15445: $? = 1
configure: failed program was:
| /* confdefs.h */
| #define PACKAGE_NAME ""
| #define PACKAGE_TARNAME ""
| #define PACKAGE_VERSION ""
| #define PACKAGE_STRING ""
| #define PACKAGE_BUGREPORT ""
| #define PACKAGE_URL ""
| #define PACKAGE "mmseg"
| #define VERSION "0.7"
| #define STDC_HEADERS 1
| #define HAVE_SYS_TYPES_H 1
| #define HAVE_SYS_STAT_H 1
| #define HAVE_STDLIB_H 1
| #define HAVE_STRING_H 1
| #define HAVE_MEMORY_H 1
| #define HAVE_STRINGS_H 1
| #define HAVE_INTTYPES_H 1
| #define HAVE_STDINT_H 1
| #define HAVE_UNISTD_H 1
| #define HAVE_DLFCN_H 1
| #define LT_OBJDIR ".libs/"
| #define STDC_HEADERS 1
| #define HAVE_SYS_WAIT_H 1
| #define HAVE_STDLIB_H 1
| #define HAVE_UNISTD_H 1
| #define HAVE_ERRNO_H 1
| #define HAVE_ASSERT_H 1
| #define HAVE_STRING_H 1
| #define HAVE_STDARG_H 1
| /* end confdefs.h.  */
| #include <stdio.h>
| #ifdef HAVE_SYS_TYPES_H
| # include <sys/types.h>
| #endif
| #ifdef HAVE_SYS_STAT_H
| # include <sys/stat.h>
| #endif
| #ifdef STDC_HEADERS
| # include <stdlib.h>
| # include <stddef.h>
| #else
| # ifdef HAVE_STDLIB_H
| #  include <stdlib.h>
| # endif
| #endif
| #ifdef HAVE_STRING_H
| # if !defined STDC_HEADERS && defined HAVE_MEMORY_H
| #  include <memory.h>
| # endif
| # include <string.h>
| #endif
| #ifdef HAVE_STRINGS_H
| # include <strings.h>
| #endif
| #ifdef HAVE_INTTYPES_H
| # include <inttypes.h>
| #endif
| #ifdef HAVE_STDINT_H
| # include <stdint.h>
| #endif
| #ifdef HAVE_UNISTD_H
| # include <unistd.h>
| #endif
| int
| main ()
| {
| if (sizeof ((size_t)))
| 	    return 0;
|   ;
|   return 0;
| }
configure:15445: result: yes
configure:15524: checking for sys_errlist
configure:15540: gcc -o conftest -g -O2   conftest.c  >&5
/tmp/ccBJbTOC.o: In function `main':
/root/Dockfile-Coreseek/coreseek/mmseg-3.2.14/conftest.c:35: warning: `sys_errlist' is deprecated; use `strerror' or `strerror_r' instead
configure:15540: $? = 0
configure:15548: result: yes
configure:15555: checking for sys_siglist
configure:15571: gcc -o conftest -g -O2   conftest.c  >&5
configure:15571: $? = 0
configure:15579: result: yes
configure:15590: checking for bzero
configure:15590: gcc -o conftest -g -O2   conftest.c  >&5
conftest.c:56:6: warning: conflicting types for built-in function 'bzero' [enabled by default]
 char bzero ();
      ^
configure:15590: $? = 0
configure:15590: result: yes
configure:15602: checking for calloc
configure:15602: gcc -o conftest -g -O2   conftest.c  >&5
conftest.c:57:6: warning: conflicting types for built-in function 'calloc' [enabled by default]
 char calloc ();
      ^
configure:15602: $? = 0
configure:15602: result: yes
configure:15602: checking for strchr
configure:15602: gcc -o conftest -g -O2   conftest.c  >&5
conftest.c:58:6: warning: conflicting types for built-in function 'strchr' [enabled by default]
 char strchr ();
      ^
configure:15602: $? = 0
configure:15602: result: yes
configure:15602: checking for strrchr
configure:15602: gcc -o conftest -g -O2   conftest.c  >&5
conftest.c:59:6: warning: conflicting types for built-in function 'strrchr' [enabled by default]
 char strrchr ();
      ^
configure:15602: $? = 0
configure:15602: result: yes
configure:15611: checking for basename
configure:15611: gcc -o conftest -g -O2   conftest.c  >&5
configure:15611: $? = 0
configure:15611: result: yes
configure:15624: checking for strspn
configure:15624: gcc -o conftest -g -O2   conftest.c  >&5
conftest.c:61:6: warning: conflicting types for built-in function 'strspn' [enabled by default]
 char strspn ();
      ^
configure:15624: $? = 0
configure:15624: result: yes
configure:15637: checking for strcspn
configure:15637: gcc -o conftest -g -O2   conftest.c  >&5
conftest.c:62:6: warning: conflicting types for built-in function 'strcspn' [enabled by default]
 char strcspn ();
      ^
configure:15637: $? = 0
configure:15637: result: yes
configure:15650: checking for strerror
configure:15650: gcc -o conftest -g -O2   conftest.c  >&5
configure:15650: $? = 0
configure:15650: result: yes
configure:15663: checking for strsignal
configure:15663: gcc -o conftest -g -O2   conftest.c  >&5
configure:15663: $? = 0
configure:15663: result: yes
configure:15676: checking for vfprintf
configure:15676: gcc -o conftest -g -O2   conftest.c  >&5
conftest.c:65:6: warning: conflicting types for built-in function 'vfprintf' [enabled by default]
 char vfprintf ();
      ^
configure:15676: $? = 0
configure:15676: result: yes
configure:15689: checking for waitpid
configure:15689: gcc -o conftest -g -O2   conftest.c  >&5
configure:15689: $? = 0
configure:15689: result: yes
configure:15839: checking that generated files are newer than configure
configure:15845: result: done
configure:15876: creating ./config.status

## ---------------------- ##
## Running config.status. ##
## ---------------------- ##

This file was extended by config.status, which was
generated by GNU Autoconf 2.69.  Invocation command line was

  CONFIG_FILES    = 
  CONFIG_HEADERS  = 
  CONFIG_LINKS    = 
  CONFIG_COMMANDS = 
  $ ./config.status 

on coreseek-69107

config.status:1195: creating Makefile
config.status:1195: creating src/Makefile
config.status:1195: creating config.h
config.status:1424: executing depfiles commands
config.status:1424: executing libtool commands
config.status:1424: executing default-1 commands
config.status:1424: executing default commands

## ---------------- ##
## Cache variables. ##
## ---------------- ##

ac_cv_build=x86_64-unknown-linux-gnu
ac_cv_c_compiler_gnu=yes
ac_cv_c_const=yes
ac_cv_cxx_compiler_gnu=yes
ac_cv_env_CCC_set=
ac_cv_env_CCC_value=
ac_cv_env_CC_set=
ac_cv_env_CC_value=
ac_cv_env_CFLAGS_set=
ac_cv_env_CFLAGS_value=
ac_cv_env_CPPFLAGS_set=
ac_cv_env_CPPFLAGS_value=
ac_cv_env_CPP_set=
ac_cv_env_CPP_value=
ac_cv_env_CXXCPP_set=
ac_cv_env_CXXCPP_value=
ac_cv_env_CXXFLAGS_set=
ac_cv_env_CXXFLAGS_value=
ac_cv_env_CXX_set=
ac_cv_env_CXX_value=
ac_cv_env_LDFLAGS_set=
ac_cv_env_LDFLAGS_value=
ac_cv_env_LIBS_set=
ac_cv_env_LIBS_value=
ac_cv_env_build_alias_set=
ac_cv_env_build_alias_value=
ac_cv_env_host_alias_set=
ac_cv_env_host_alias_value=
ac_cv_env_target_alias_set=
ac_cv_env_target_alias_value=
ac_cv_func_basename=yes
ac_cv_func_bzero=yes
ac_cv_func_calloc=yes
ac_cv_func_strchr=yes
ac_cv_func_strcspn=yes
ac_cv_func_strerror=yes
ac_cv_func_strrchr=yes
ac_cv_func_strsignal=yes
ac_cv_func_strspn=yes
ac_cv_func_vfprintf=yes
ac_cv_func_waitpid=yes
ac_cv_header_assert_h=yes
ac_cv_header_dlfcn_h=yes
ac_cv_header_errno_h=yes
ac_cv_header_inttypes_h=yes
ac_cv_header_memory_h=yes
ac_cv_header_stdarg_h=yes
ac_cv_header_stdc=yes
ac_cv_header_stdint_h=yes
ac_cv_header_stdlib_h=yes
ac_cv_header_string_h=yes
ac_cv_header_strings_h=yes
ac_cv_header_sys_stat_h=yes
ac_cv_header_sys_types_h=yes
ac_cv_header_sys_wait_h=yes
ac_cv_header_unistd_h=yes
ac_cv_host=x86_64-unknown-linux-gnu
ac_cv_objext=o
ac_cv_path_EGREP='/usr/bin/grep -E'
ac_cv_path_FGREP='/usr/bin/grep -F'
ac_cv_path_GREP=/usr/bin/grep
ac_cv_path_SED=/usr/bin/sed
ac_cv_path_install='/usr/bin/install -c'
ac_cv_path_mkdir=/usr/bin/mkdir
ac_cv_prog_AWK=gawk
ac_cv_prog_CPP='gcc -E'
ac_cv_prog_CXXCPP='g++ -E'
ac_cv_prog_ac_ct_AR=ar
ac_cv_prog_ac_ct_CC=gcc
ac_cv_prog_ac_ct_CXX=g++
ac_cv_prog_ac_ct_OBJDUMP=objdump
ac_cv_prog_ac_ct_RANLIB=ranlib
ac_cv_prog_ac_ct_STRIP=strip
ac_cv_prog_cc_c89=
ac_cv_prog_cc_g=yes
ac_cv_prog_cxx_g=yes
ac_cv_prog_make_make_set=yes
ac_cv_type_pid_t=yes
ac_cv_type_size_t=yes
am_cv_CC_dependencies_compiler_type=gcc3
am_cv_CXX_dependencies_compiler_type=gcc3
am_cv_make_support_nested_variables=yes
am_cv_prog_cc_stdc=
lt_cv_ar_at_file=@
lt_cv_archive_cmds_need_lc=no
lt_cv_deplibs_check_method=pass_all
lt_cv_file_magic_cmd='$MAGIC_CMD'
lt_cv_file_magic_test_file=
lt_cv_ld_reload_flag=-r
lt_cv_nm_interface='BSD nm'
lt_cv_objdir=.libs
lt_cv_path_LD=/usr/bin/ld
lt_cv_path_LDCXX='/usr/bin/ld -m elf_x86_64'
lt_cv_path_NM='/usr/bin/nm -B'
lt_cv_path_mainfest_tool=no
lt_cv_prog_compiler_c_o=yes
lt_cv_prog_compiler_c_o_CXX=yes
lt_cv_prog_compiler_pic='-fPIC -DPIC'
lt_cv_prog_compiler_pic_CXX='-fPIC -DPIC'
lt_cv_prog_compiler_pic_works=yes
lt_cv_prog_compiler_pic_works_CXX=yes
lt_cv_prog_compiler_rtti_exceptions=no
lt_cv_prog_compiler_static_works=no
lt_cv_prog_compiler_static_works_CXX=no
lt_cv_prog_gnu_ld=yes
lt_cv_prog_gnu_ldcxx=yes
lt_cv_sharedlib_from_linklib_cmd='printf %s\n'
lt_cv_shlibpath_overrides_runpath=no
lt_cv_sys_global_symbol_pipe='sed -n -e '\''s/^.*[	 ]\([ABCDGIRSTW][ABCDGIRSTW]*\)[	 ][	 ]*\([_A-Za-z][_A-Za-z0-9]*\)$/\1 \2 \2/p'\'' | sed '\''/ __gnu_lto/d'\'''
lt_cv_sys_global_symbol_to_c_name_address='sed -n -e '\''s/^: \([^ ]*\)[ ]*$/  {\"\1\", (void *) 0},/p'\'' -e '\''s/^[ABCDGIRSTW]* \([^ ]*\) \([^ ]*\)$/  {"\2", (void *) \&\2},/p'\'''
lt_cv_sys_global_symbol_to_c_name_address_lib_prefix='sed -n -e '\''s/^: \([^ ]*\)[ ]*$/  {\"\1\", (void *) 0},/p'\'' -e '\''s/^[ABCDGIRSTW]* \([^ ]*\) \(lib[^ ]*\)$/  {"\2", (void *) \&\2},/p'\'' -e '\''s/^[ABCDGIRSTW]* \([^ ]*\) \([^ ]*\)$/  {"lib\2", (void *) \&\2},/p'\'''
lt_cv_sys_global_symbol_to_cdecl='sed -n -e '\''s/^T .* \(.*\)$/extern int \1();/p'\'' -e '\''s/^[ABCDGIRSTW]* .* \(.*\)$/extern char \1;/p'\'''
lt_cv_sys_max_cmd_len=1572864
lt_cv_to_host_file_cmd=func_convert_file_noop
lt_cv_to_tool_file_cmd=func_convert_file_noop
sic_cv_var_sys_errlist=yes
sic_cv_var_sys_siglist=yes

## ----------------- ##
## Output variables. ##
## ----------------- ##

ACLOCAL='aclocal-1.13'
AMDEPBACKSLASH='\'
AMDEP_FALSE='#'
AMDEP_TRUE=''
AMTAR='$${TAR-tar}'
AM_BACKSLASH='\'
AM_DEFAULT_V='$(AM_DEFAULT_VERBOSITY)'
AM_DEFAULT_VERBOSITY='1'
AM_V='$(V)'
AR='ar'
AUTOCONF='autoconf'
AUTOHEADER='autoheader'
AUTOMAKE='automake-1.13'
AWK='gawk'
CC='gcc'
CCDEPMODE='depmode=gcc3'
CFLAGS='-g -O2'
CPP='gcc -E'
CPPFLAGS=''
CXX='g++'
CXXCPP='g++ -E'
CXXDEPMODE='depmode=gcc3'
CXXFLAGS='-g -O2'
CYGPATH_W='echo'
DEFS='-DHAVE_CONFIG_H'
DEPDIR='.deps'
DLLTOOL='false'
DSYMUTIL=''
DUMPBIN=''
ECHO_C=''
ECHO_N='-n'
ECHO_T=''
EGREP='/usr/bin/grep -E'
EXEEXT=''
FGREP='/usr/bin/grep -F'
GREP='/usr/bin/grep'
INSTALL_DATA='${INSTALL} -m 644'
INSTALL_PROGRAM='${INSTALL}'
INSTALL_SCRIPT='${INSTALL}'
INSTALL_STRIP_PROGRAM='$(install_sh) -c -s'
LD='/usr/bin/ld -m elf_x86_64'
LDFLAGS=''
LIBOBJS=' ${LIBOBJDIR}$U.o'
LIBS=''
LIBTOOL='$(SHELL) $(top_builddir)/libtool'
LIPO=''
LN_S='ln -s'
LTLIBOBJS=' ${LIBOBJDIR}$U.lo'
MAKEINFO='makeinfo'
MANIFEST_TOOL=':'
MKDIR_P='/usr/bin/mkdir -p'
NM='/usr/bin/nm -B'
NMEDIT=''
OBJDUMP='objdump'
OBJEXT='o'
OTOOL64=''
OTOOL=''
PACKAGE='mmseg'
PACKAGE_BUGREPORT=''
PACKAGE_NAME=''
PACKAGE_STRING=''
PACKAGE_TARNAME=''
PACKAGE_URL=''
PACKAGE_VERSION=''
PATH_SEPARATOR=':'
RANLIB='ranlib'
SED='/usr/bin/sed'
SET_MAKE=''
SHELL='/bin/sh'
STRIP='strip'
VERSION='0.7'
WITH_READLINE_FALSE=''
WITH_READLINE_TRUE='#'
ac_aux_dir='config'
ac_ct_AR='ar'
ac_ct_CC='gcc'
ac_ct_CXX='g++'
ac_ct_DUMPBIN=''
am__EXEEXT_FALSE=''
am__EXEEXT_TRUE='#'
am__fastdepCC_FALSE='#'
am__fastdepCC_TRUE=''
am__fastdepCXX_FALSE='#'
am__fastdepCXX_TRUE=''
am__include='include'
am__isrc=''
am__leading_dot='.'
am__nodep='_no'
am__quote=''
am__tar='$${TAR-tar} chof - "$$tardir"'
am__untar='$${TAR-tar} xf -'
bindir='${exec_prefix}/bin'
build='x86_64-unknown-linux-gnu'
build_alias=''
build_cpu='x86_64'
build_os='linux-gnu'
build_vendor='unknown'
datadir='${datarootdir}'
datarootdir='${prefix}/share'
docdir='${datarootdir}/doc/${PACKAGE}'
dvidir='${docdir}'
exec_prefix='${prefix}'
host='x86_64-unknown-linux-gnu'
host_alias=''
host_cpu='x86_64'
host_os='linux-gnu'
host_vendor='unknown'
htmldir='${docdir}'
includedir='${prefix}/include'
infodir='${datarootdir}/info'
install_sh='${SHELL} /root/Dockfile-Coreseek/coreseek/mmseg-3.2.14/config/install-sh'
libdir='${exec_prefix}/lib'
libexecdir='${exec_prefix}/libexec'
localedir='${datarootdir}/locale'
localstatedir='${prefix}/var'
mandir='${datarootdir}/man'
mkdir_p='$(MKDIR_P)'
oldincludedir='/usr/include'
pdfdir='${docdir}'
prefix='/usr/local/mmseg'
program_transform_name='s,x,x,'
psdir='${docdir}'
sbindir='${exec_prefix}/sbin'
sharedstatedir='${prefix}/com'
sysconfdir='${prefix}/etc'
target_alias=''

## ----------- ##
## confdefs.h. ##
## ----------- ##

/* confdefs.h */
#define PACKAGE_NAME ""
#define PACKAGE_TARNAME ""
#define PACKAGE_VERSION ""
#define PACKAGE_STRING ""
#define PACKAGE_BUGREPORT ""
#define PACKAGE_URL ""
#define PACKAGE "mmseg"
#define VERSION "0.7"
#define STDC_HEADERS 1
#define HAVE_SYS_TYPES_H 1
#define HAVE_SYS_STAT_H 1
#define HAVE_STDLIB_H 1
#define HAVE_STRING_H 1
#define HAVE_MEMORY_H 1
#define HAVE_STRINGS_H 1
#define HAVE_INTTYPES_H 1
#define HAVE_STDINT_H 1
#define HAVE_UNISTD_H 1
#define HAVE_DLFCN_H 1
#define LT_OBJDIR ".libs/"
#define STDC_HEADERS 1
#define HAVE_SYS_WAIT_H 1
#define HAVE_STDLIB_H 1
#define HAVE_UNISTD_H 1
#define HAVE_ERRNO_H 1
#define HAVE_ASSERT_H 1
#define HAVE_STRING_H 1
#define HAVE_STDARG_H 1
#define HAVE_SYS_ERRLIST 1
#define HAVE_SYS_SIGLIST 1
#define HAVE_BZERO 1
#define HAVE_CALLOC 1
#define HAVE_STRCHR 1
#define HAVE_STRRCHR 1
#define HAVE_BASENAME 1
#define HAVE_STRSPN 1
#define HAVE_STRCSPN 1
#define HAVE_STRERROR 1
#define HAVE_STRSIGNAL 1
#define HAVE_VFPRINTF 1
#define HAVE_WAITPID 1

configure: exit 0
